<?xml version="1.0" encoding="UTF-8"?>
<!-- Generated by org.testng.reporters.JUnitReportReporter -->
<testsuite hostname="DESKTOP-8FBCEN1" failures="0" tests="1" name="tests.PossitiveLoginTest" time="7.848" errors="0" timestamp="25 lis 2018 16:47:48 GMT" skipped="0">
  <testcase classname="tests.PossitiveLoginTest" name="asUserLoginUsingValidLoginAndPassword" time="7.848"/>
</testsuite> <!-- tests.PossitiveLoginTest -->
