<?xml version="1.0" encoding="UTF-8"?>
<!-- Generated by org.testng.reporters.JUnitReportReporter -->
<testsuite hostname="DESKTOP-8FBCEN1" failures="0" tests="1" name="tests.FailedLoginTests" time="8.245" errors="0" timestamp="25 lis 2018 16:47:48 GMT" skipped="0">
  <testcase classname="tests.FailedLoginTests" name="asUserTryToLogInWithIncorrectLoginAndPassword" time="8.245"/>
</testsuite> <!-- tests.FailedLoginTests -->
